1680102446365	geckodriver	INFO	Listening on 127.0.0.1:46325
1680102449406	mozrunner::runner	INFO	Running command: "/usr/bin/firefox" "--marionette" "-no-remote" "-profile" "/tmp/rust_mozprofileqOh0rT"
1680102461325	Marionette	INFO	Marionette enabled
1680102461459	Marionette	INFO	Listening on port 35211
Read port: 35211
Read port: 35211
Read port: 35211
Read port: 35211
Read port: 35211
JavaScript error: resource://gre/modules/addons/XPIInstall.jsm, line 691: Error: File resource://builtin-themes/resource://builtin-themes/dark/ does not contain a valid manifest
1680102466740	RemoteAgent	WARN	TLS certificate errors will be ignored for this session
console.warn: SearchSettings: "get: No settings file exists, new profile?" (new NotFoundError("Could not open the file at /tmp/rust_mozprofileqOh0rT/search.json.mozlz4", (void 0)))
Missing chrome or resource URL: resource://gre/modules/UpdateListener.jsm
Missing chrome or resource URL: resource://gre/modules/UpdateListener.sys.mjs
Missing chrome or resource URL: resource://gre/modules/UpdateListener.jsm
Missing chrome or resource URL: resource://gre/modules/UpdateListener.sys.mjs
console.error: "Error during quit-application-granted: [Exception... \"File error: Not found\"  nsresult: \"0x80520012 (NS_ERROR_FILE_NOT_FOUND)\"  location: \"JS frame :: resource:///modules/BrowserGlue.jsm :: _onQuitApplicationGranted/tasks< :: line 1996\"  data: no]"
1680102519301	Marionette	INFO	Stopped listening on port 35211
JavaScript error: resource://gre/modules/ClientID.jsm, line 364: NS_ERROR_UNEXPECTED: Component returned failure code: 0x8000ffff (NS_ERROR_UNEXPECTED) [nsIPrefBranch.setStringPref]
1680102538929	geckodriver	INFO	Listening on 127.0.0.1:50755
1680102539093	mozrunner::runner	INFO	Running command: "/usr/bin/firefox" "--marionette" "-no-remote" "-profile" "/tmp/rust_mozprofileadR6sp"
1680102540498	Marionette	INFO	Marionette enabled
1680102540506	Marionette	INFO	Listening on port 43995
Read port: 43995
JavaScript error: resource://gre/modules/addons/XPIInstall.jsm, line 691: Error: File resource://builtin-themes/resource://builtin-themes/dark/ does not contain a valid manifest
1680102541303	RemoteAgent	WARN	TLS certificate errors will be ignored for this session
console.warn: SearchSettings: "get: No settings file exists, new profile?" (new NotFoundError("Could not open the file at /tmp/rust_mozprofileadR6sp/search.json.mozlz4", (void 0)))
Missing chrome or resource URL: resource://gre/modules/UpdateListener.jsm
Missing chrome or resource URL: resource://gre/modules/UpdateListener.sys.mjs
1680102640949	geckodriver	INFO	Listening on 127.0.0.1:52941
Missing chrome or resource URL: resource://gre/modules/UpdateListener.jsm
Missing chrome or resource URL: resource://gre/modules/UpdateListener.sys.mjs
console.error: "Error during quit-application-granted: [Exception... \"File error: Not found\"  nsresult: \"0x80520012 (NS_ERROR_FILE_NOT_FOUND)\"  location: \"JS frame :: resource:///modules/BrowserGlue.jsm :: _onQuitApplicationGranted/tasks< :: line 1996\"  data: no]"
1680102641745	Marionette	INFO	Stopped listening on port 43995
1680102644129	mozrunner::runner	INFO	Running command: "/usr/bin/firefox" "--marionette" "-no-remote" "-profile" "/tmp/rust_mozprofileCSFgR3"
1680102645369	Marionette	INFO	Marionette enabled
1680102645377	Marionette	INFO	Listening on port 39181
Read port: 39181
Read port: 39181
Read port: 39181
JavaScript error: resource://gre/modules/addons/XPIInstall.jsm, line 691: Error: File resource://builtin-themes/resource://builtin-themes/dark/ does not contain a valid manifest
1680102648307	RemoteAgent	WARN	TLS certificate errors will be ignored for this session
console.warn: SearchSettings: "get: No settings file exists, new profile?" (new NotFoundError("Could not open the file at /tmp/rust_mozprofileCSFgR3/search.json.mozlz4", (void 0)))
Missing chrome or resource URL: resource://gre/modules/UpdateListener.jsm
Missing chrome or resource URL: resource://gre/modules/UpdateListener.sys.mjs
1680102720378	geckodriver	INFO	Listening on 127.0.0.1:41107
1680102721472	mozrunner::runner	INFO	Running command: "/usr/bin/firefox" "--marionette" "-no-remote" "-profile" "/tmp/rust_mozprofileNPws2a"
1680102724505	Marionette	INFO	Marionette enabled
1680102724513	Marionette	INFO	Listening on port 37889
Read port: 37889
JavaScript error: resource://gre/modules/addons/XPIInstall.jsm, line 691: Error: File resource://builtin-themes/resource://builtin-themes/dark/ does not contain a valid manifest
1680102725182	RemoteAgent	WARN	TLS certificate errors will be ignored for this session
console.warn: SearchSettings: "get: No settings file exists, new profile?" (new NotFoundError("Could not open the file at /tmp/rust_mozprofileNPws2a/search.json.mozlz4", (void 0)))
Missing chrome or resource URL: resource://gre/modules/UpdateListener.jsm
Missing chrome or resource URL: resource://gre/modules/UpdateListener.sys.mjs
1680102759745	geckodriver	INFO	Listening on 127.0.0.1:60173
1680102760672	mozrunner::runner	INFO	Running command: "/usr/bin/firefox" "--marionette" "-no-remote" "-profile" "/tmp/rust_mozprofile2tZjGv"
1680102763763	Marionette	INFO	Marionette enabled
1680102763787	Marionette	INFO	Listening on port 39511
Read port: 39511
Read port: 39511
Read port: 39511
Read port: 39511
Read port: 39511
JavaScript error: resource://gre/modules/addons/XPIInstall.jsm, line 691: Error: File resource://builtin-themes/resource://builtin-themes/dark/ does not contain a valid manifest
1680102769418	RemoteAgent	WARN	TLS certificate errors will be ignored for this session
console.warn: SearchSettings: "get: No settings file exists, new profile?" (new NotFoundError("Could not open the file at /tmp/rust_mozprofile2tZjGv/search.json.mozlz4", (void 0)))
Missing chrome or resource URL: resource://gre/modules/UpdateListener.jsm
Missing chrome or resource URL: resource://gre/modules/UpdateListener.sys.mjs
Missing chrome or resource URL: resource://gre/modules/UpdateListener.jsm
Missing chrome or resource URL: resource://gre/modules/UpdateListener.sys.mjs
console.error: "Error during quit-application-granted: [Exception... \"File error: Not found\"  nsresult: \"0x80520012 (NS_ERROR_FILE_NOT_FOUND)\"  location: \"JS frame :: resource:///modules/BrowserGlue.jsm :: _onQuitApplicationGranted/tasks< :: line 1996\"  data: no]"
1680102813268	Marionette	INFO	Stopped listening on port 39511
JavaScript error: resource://gre/modules/ClientID.jsm, line 364: NS_ERROR_UNEXPECTED: Component returned failure code: 0x8000ffff (NS_ERROR_UNEXPECTED) [nsIPrefBranch.setStringPref]
console.log: "RemoteSettingsWorker error: Error: Can't import when we've started shutting down."
JavaScript error: resource://gre/modules/AsyncShutdown.jsm, line 718: Error: Phase "profile-before-change" is finished, it is too late to register completion condition "DoHController: clear state and remove observers"
